This is XeTeX, Version 3.14159265-2.6-0.999992 (TeX Live 2020/W32TeX) (preloaded format=xelatex 2021.1.21)  23 AUG 2023 17:08
entering extended mode
 restricted \write18 enabled.
 %&-line parsing enabled.
**_main.tex
(./_main.tex
LaTeX2e <2020-10-01> patch level 4
L3 programming layer <2021-01-09> xparse <2020-03-03>
(c:/Users/Jasper Tjaden/AppData/Roaming/TinyTeX/texmf-dist/tex/latex/base/book.
cls
Document Class: book 2020/04/10 v1.4m Standard LaTeX document class

(c:/Users/Jasper Tjaden/AppData/Roaming/TinyTeX/texmf-dist/tex/latex/base/bk10.
clo
File: bk10.clo 2020/04/10 v1.4m Standard LaTeX file (size option)
)
\c@part=\count173
\c@chapter=\count174
\c@section=\count175
\c@subsection=\count176
\c@subsubsection=\count177
\c@paragraph=\count178
\c@subparagraph=\count179
\c@figure=\count180
\c@table=\count181
\abovecaptionskip=\skip47
\belowcaptionskip=\skip48
\bibindent=\dimen138
)
(c:/Users/Jasper Tjaden/AppData/Roaming/TinyTeX/texmf-dist/tex/latex/amsmath/am
smath.sty
Package: amsmath 2020/09/23 v2.17i AMS math features
\@mathmargin=\skip49
For additional information on amsmath, use the `?' option.

(c:/Users/Jasper Tjaden/AppData/Roaming/TinyTeX/texmf-dist/tex/latex/amsmath/am
stext.sty
Package: amstext 2000/06/29 v2.01 AMS text

(c:/Users/Jasper Tjaden/AppData/Roaming/TinyTeX/texmf-dist/tex/latex/amsmath/am
sgen.sty
File: amsgen.sty 1999/11/30 v2.0 generic functions
\@emptytoks=\toks15
\ex@=\dimen139
))
(c:/Users/Jasper Tjaden/AppData/Roaming/TinyTeX/texmf-dist/tex/latex/amsmath/am
sbsy.sty
Package: amsbsy 1999/11/29 v1.2d Bold Symbols
\pmbraise@=\dimen140
)
(c:/Users/Jasper Tjaden/AppData/Roaming/TinyTeX/texmf-dist/tex/latex/amsmath/am
sopn.sty
Package: amsopn 2016/03/08 v2.02 operator names
)
\inf@bad=\count182
LaTeX Info: Redefining \frac on input line 234.
\uproot@=\count183
\leftroot@=\count184
LaTeX Info: Redefining \overline on input line 399.
\classnum@=\count185
\DOTSCASE@=\count186
LaTeX Info: Redefining \ldots on input line 496.
LaTeX Info: Redefining \dots on input line 499.
LaTeX Info: Redefining \cdots on input line 620.
\Mathstrutbox@=\box47
\strutbox@=\box48
\big@size=\dimen141
LaTeX Font Info:    Redeclaring font encoding OML on input line 743.
LaTeX Font Info:    Redeclaring font encoding OMS on input line 744.
\macc@depth=\count187
\c@MaxMatrixCols=\count188
\dotsspace@=\muskip16
\c@parentequation=\count189
\dspbrk@lvl=\count190
\tag@help=\toks16
\row@=\count191
\column@=\count192
\maxfields@=\count193
\andhelp@=\toks17
\eqnshift@=\dimen142
\alignsep@=\dimen143
\tagshift@=\dimen144
\tagwidth@=\dimen145
\totwidth@=\dimen146
\lineht@=\dimen147
\@envbody=\toks18
\multlinegap=\skip50
\multlinetaggap=\skip51
\mathdisplay@stack=\toks19
LaTeX Info: Redefining \[ on input line 2923.
LaTeX Info: Redefining \] on input line 2924.
)
(c:/Users/Jasper Tjaden/AppData/Roaming/TinyTeX/texmf-dist/tex/latex/amsfonts/a
mssymb.sty
Package: amssymb 2013/01/14 v3.01 AMS font symbols

(c:/Users/Jasper Tjaden/AppData/Roaming/TinyTeX/texmf-dist/tex/latex/amsfonts/a
msfonts.sty
Package: amsfonts 2013/01/14 v3.01 Basic AMSFonts support
\symAMSa=\mathgroup4
\symAMSb=\mathgroup5
LaTeX Font Info:    Redeclaring math symbol \hbar on input line 98.
LaTeX Font Info:    Overwriting math alphabet `\mathfrak' in version `bold'
(Font)                  U/euf/m/n --> U/euf/b/n on input line 106.
))
(c:/Users/Jasper Tjaden/AppData/Roaming/TinyTeX/texmf-dist/tex/latex/lm/lmodern
.sty
Package: lmodern 2009/10/30 v1.6 Latin Modern Fonts
LaTeX Font Info:    Overwriting symbol font `operators' in version `normal'
(Font)                  OT1/cmr/m/n --> OT1/lmr/m/n on input line 22.
LaTeX Font Info:    Overwriting symbol font `letters' in version `normal'
(Font)                  OML/cmm/m/it --> OML/lmm/m/it on input line 23.
LaTeX Font Info:    Overwriting symbol font `symbols' in version `normal'
(Font)                  OMS/cmsy/m/n --> OMS/lmsy/m/n on input line 24.
LaTeX Font Info:    Overwriting symbol font `largesymbols' in version `normal'
(Font)                  OMX/cmex/m/n --> OMX/lmex/m/n on input line 25.
LaTeX Font Info:    Overwriting symbol font `operators' in version `bold'
(Font)                  OT1/cmr/bx/n --> OT1/lmr/bx/n on input line 26.
LaTeX Font Info:    Overwriting symbol font `letters' in version `bold'
(Font)                  OML/cmm/b/it --> OML/lmm/b/it on input line 27.
LaTeX Font Info:    Overwriting symbol font `symbols' in version `bold'
(Font)                  OMS/cmsy/b/n --> OMS/lmsy/b/n on input line 28.
LaTeX Font Info:    Overwriting symbol font `largesymbols' in version `bold'
(Font)                  OMX/cmex/m/n --> OMX/lmex/m/n on input line 29.
LaTeX Font Info:    Overwriting math alphabet `\mathbf' in version `normal'
(Font)                  OT1/cmr/bx/n --> OT1/lmr/bx/n on input line 31.
LaTeX Font Info:    Overwriting math alphabet `\mathsf' in version `normal'
(Font)                  OT1/cmss/m/n --> OT1/lmss/m/n on input line 32.
LaTeX Font Info:    Overwriting math alphabet `\mathit' in version `normal'
(Font)                  OT1/cmr/m/it --> OT1/lmr/m/it on input line 33.
LaTeX Font Info:    Overwriting math alphabet `\mathtt' in version `normal'
(Font)                  OT1/cmtt/m/n --> OT1/lmtt/m/n on input line 34.
LaTeX Font Info:    Overwriting math alphabet `\mathbf' in version `bold'
(Font)                  OT1/cmr/bx/n --> OT1/lmr/bx/n on input line 35.
LaTeX Font Info:    Overwriting math alphabet `\mathsf' in version `bold'
(Font)                  OT1/cmss/bx/n --> OT1/lmss/bx/n on input line 36.
LaTeX Font Info:    Overwriting math alphabet `\mathit' in version `bold'
(Font)                  OT1/cmr/bx/it --> OT1/lmr/bx/it on input line 37.
LaTeX Font Info:    Overwriting math alphabet `\mathtt' in version `bold'
(Font)                  OT1/cmtt/m/n --> OT1/lmtt/m/n on input line 38.
)
(c:/Users/Jasper Tjaden/AppData/Roaming/TinyTeX/texmf-dist/tex/generic/iftex/if
tex.sty
Package: iftex 2020/03/06 v1.0d TeX engine tests
)
(c:/Users/Jasper Tjaden/AppData/Roaming/TinyTeX/texmf-dist/tex/latex/unicode-ma
th/unicode-math.sty
(c:/Users/Jasper Tjaden/AppData/Roaming/TinyTeX/texmf-dist/tex/latex/l3kernel/e
xpl3.sty
Package: expl3 2021-01-09 L3 programming layer (loader) 

(c:/Users/Jasper Tjaden/AppData/Roaming/TinyTeX/texmf-dist/tex/latex/l3backend/
l3backend-xetex.def
File: l3backend-xetex.def 2021-01-09 L3 backend support: XeTeX
(|extractbb --version)
\c__kernel_sys_dvipdfmx_version_int=\count194
\g__color_stack_int=\count195
\l__kernel_color_stack_int=\count196
\g__graphics_track_int=\count197
\l__pdf_internal_box=\box49
\g__pdf_backend_object_int=\count198
\g__pdf_backend_annotation_int=\count199
\g__pdf_backend_link_int=\count266
))
Package: unicode-math 2020/01/31 v0.8q Unicode maths in XeLaTeX and LuaLaTeX

(c:/Users/Jasper Tjaden/AppData/Roaming/TinyTeX/texmf-dist/tex/latex/unicode-ma
th/unicode-math-xetex.sty
Package: unicode-math-xetex 2020/01/31 v0.8q Unicode maths in XeLaTeX and LuaLa
TeX

(c:/Users/Jasper Tjaden/AppData/Roaming/TinyTeX/texmf-dist/tex/latex/l3packages
/xparse/xparse.sty
Package: xparse 2020-10-27 L3 Experimental document command parser

(c:/Users/Jasper Tjaden/AppData/Roaming/TinyTeX/texmf-dist/tex/latex/l3packages
/xparse/xparse-generic.tex))
(c:/Users/Jasper Tjaden/AppData/Roaming/TinyTeX/texmf-dist/tex/latex/l3packages
/l3keys2e/l3keys2e.sty
Package: l3keys2e 2020-10-27 LaTeX2e option processing using LaTeX3 keys
)
(c:/Users/Jasper Tjaden/AppData/Roaming/TinyTeX/texmf-dist/tex/latex/fontspec/f
ontspec.sty
Package: fontspec 2020/02/21 v2.7i Font selection for XeLaTeX and LuaLaTeX

(c:/Users/Jasper Tjaden/AppData/Roaming/TinyTeX/texmf-dist/tex/latex/fontspec/f
ontspec-xetex.sty
Package: fontspec-xetex 2020/02/21 v2.7i Font selection for XeLaTeX and LuaLaTe
X
\l__fontspec_script_int=\count267
\l__fontspec_language_int=\count268
\l__fontspec_strnum_int=\count269
\l__fontspec_tmp_int=\count270
\l__fontspec_tmpa_int=\count271
\l__fontspec_tmpb_int=\count272
\l__fontspec_tmpc_int=\count273
\l__fontspec_em_int=\count274
\l__fontspec_emdef_int=\count275
\l__fontspec_strong_int=\count276
\l__fontspec_strongdef_int=\count277
\l__fontspec_tmpa_dim=\dimen148
\l__fontspec_tmpb_dim=\dimen149
\l__fontspec_tmpc_dim=\dimen150

(c:/Users/Jasper Tjaden/AppData/Roaming/TinyTeX/texmf-dist/tex/latex/base/fonte
nc.sty
Package: fontenc 2020/08/10 v2.0s Standard LaTeX package
)
(c:/Users/Jasper Tjaden/AppData/Roaming/TinyTeX/texmf-dist/tex/latex/fontspec/f
ontspec.cfg)))
(c:/Users/Jasper Tjaden/AppData/Roaming/TinyTeX/texmf-dist/tex/latex/base/fix-c
m.sty
Package: fix-cm 2015/01/14 v1.1t fixes to LaTeX

(c:/Users/Jasper Tjaden/AppData/Roaming/TinyTeX/texmf-dist/tex/latex/base/ts1en
c.def
File: ts1enc.def 2001/06/05 v3.0e (jk/car/fm) Standard LaTeX file
LaTeX Font Info:    Redeclaring font encoding TS1 on input line 47.
))
\g__um_fam_int=\count278
\g__um_fonts_used_int=\count279
\l__um_primecount_int=\count280
\g__um_primekern_muskip=\muskip17

(c:/Users/Jasper Tjaden/AppData/Roaming/TinyTeX/texmf-dist/tex/latex/unicode-ma
th/unicode-math-table.tex)))
(c:/Users/Jasper Tjaden/AppData/Roaming/TinyTeX/texmf-dist/tex/latex/microtype/
microtype.sty
Package: microtype 2020/12/07 v2.8 Micro-typographical refinements (RS)

(c:/Users/Jasper Tjaden/AppData/Roaming/TinyTeX/texmf-dist/tex/latex/graphics/k
eyval.sty
Package: keyval 2014/10/28 v1.15 key=value parser (DPC)
\KV@toks@=\toks20
)
\MT@toks=\toks21
\MT@count=\count281
LaTeX Info: Redefining \textls on input line 788.
\MT@outer@kern=\dimen151
LaTeX Info: Redefining \textmicrotypecontext on input line 1358.
\MT@listname@count=\count282

(c:/Users/Jasper Tjaden/AppData/Roaming/TinyTeX/texmf-dist/tex/latex/microtype/
microtype-xetex.def
File: microtype-xetex.def 2020/12/07 v2.8 Definitions specific to xetex (RS)
LaTeX Info: Redefining \lsstyle on input line 254.
)
Package microtype Info: Loading configuration file microtype.cfg.

(c:/Users/Jasper Tjaden/AppData/Roaming/TinyTeX/texmf-dist/tex/latex/microtype/
microtype.cfg
File: microtype.cfg 2020/12/07 v2.8 microtype main configuration file (RS)
))
(c:/Users/Jasper Tjaden/AppData/Roaming/TinyTeX/texmf-dist/tex/latex/xcolor/xco
lor.sty
Package: xcolor 2016/05/11 v2.12 LaTeX color extensions (UK)

(c:/Users/Jasper Tjaden/AppData/Roaming/TinyTeX/texmf-dist/tex/latex/graphics-c
fg/color.cfg
File: color.cfg 2016/01/02 v1.6 sample color configuration
)
Package xcolor Info: Driver file: xetex.def on input line 225.

(c:/Users/Jasper Tjaden/AppData/Roaming/TinyTeX/texmf-dist/tex/latex/graphics-d
ef/xetex.def
File: xetex.def 2020/08/26 v5.0i Graphics/color driver for xetex
)
Package xcolor Info: Model `cmy' substituted by `cmy0' on input line 1348.
Package xcolor Info: Model `RGB' extended on input line 1364.
Package xcolor Info: Model `HTML' substituted by `rgb' on input line 1366.
Package xcolor Info: Model `Hsb' substituted by `hsb' on input line 1367.
Package xcolor Info: Model `tHsb' substituted by `hsb' on input line 1368.
Package xcolor Info: Model `HSB' substituted by `hsb' on input line 1369.
Package xcolor Info: Model `Gray' substituted by `gray' on input line 1370.
Package xcolor Info: Model `wave' substituted by `hsb' on input line 1371.
)
(c:/Users/Jasper Tjaden/AppData/Roaming/TinyTeX/texmf-dist/tex/latex/fancyvrb/f
ancyvrb.sty
Package: fancyvrb 2020/05/03 v3.6 verbatim text (tvz,hv)
\FV@CodeLineNo=\count283
\FV@InFile=\read2
\FV@TabBox=\box50
\c@FancyVerbLine=\count284
\FV@StepNumber=\count285
\FV@OutFile=\write3
)
(c:/Users/Jasper Tjaden/AppData/Roaming/TinyTeX/texmf-dist/tex/latex/framed/fra
med.sty
Package: framed 2011/10/22 v 0.96: framed or shaded text with page breaks
\OuterFrameSep=\skip52
\fb@frw=\dimen152
\fb@frh=\dimen153
\FrameRule=\dimen154
\FrameSep=\dimen155
)
(c:/Users/Jasper Tjaden/AppData/Roaming/TinyTeX/texmf-dist/tex/latex/tools/long
table.sty
Package: longtable 2020/01/07 v4.13 Multi-page Table package (DPC)
\LTleft=\skip53
\LTright=\skip54
\LTpre=\skip55
\LTpost=\skip56
\LTchunksize=\count286
\LTcapwidth=\dimen156
\LT@head=\box51
\LT@firsthead=\box52
\LT@foot=\box53
\LT@lastfoot=\box54
\LT@cols=\count287
\LT@rows=\count288
\c@LT@tables=\count289
\c@LT@chunks=\count290
\LT@p@ftn=\toks22
)
(c:/Users/Jasper Tjaden/AppData/Roaming/TinyTeX/texmf-dist/tex/latex/booktabs/b
ooktabs.sty
Package: booktabs 2020/01/12 v1.61803398 Publication quality tables
\heavyrulewidth=\dimen157
\lightrulewidth=\dimen158
\cmidrulewidth=\dimen159
\belowrulesep=\dimen160
\belowbottomsep=\dimen161
\aboverulesep=\dimen162
\abovetopsep=\dimen163
\cmidrulesep=\dimen164
\cmidrulekern=\dimen165
\defaultaddspace=\dimen166
\@cmidla=\count291
\@cmidlb=\count292
\@aboverulesep=\dimen167
\@belowrulesep=\dimen168
\@thisruleclass=\count293
\@lastruleclass=\count294
\@thisrulewidth=\dimen169
)
(c:/Users/Jasper Tjaden/AppData/Roaming/TinyTeX/texmf-dist/tex/latex/tools/arra
y.sty
Package: array 2020/10/01 v2.5c Tabular extension package (FMi)
\col@sep=\dimen170
\ar@mcellbox=\box55
\extrarowheight=\dimen171
\NC@list=\toks23
\extratabsurround=\skip57
\backup@length=\skip58
\ar@cellbox=\box56
)
(c:/Users/Jasper Tjaden/AppData/Roaming/TinyTeX/texmf-dist/tex/latex/tools/calc
.sty
Package: calc 2017/05/25 v4.3 Infix arithmetic (KKT,FJ)
\calc@Acount=\count295
\calc@Bcount=\count296
\calc@Adimen=\dimen172
\calc@Bdimen=\dimen173
\calc@Askip=\skip59
\calc@Bskip=\skip60
LaTeX Info: Redefining \setlength on input line 80.
LaTeX Info: Redefining \addtolength on input line 81.
\calc@Ccount=\count297
\calc@Cskip=\skip61
)
(c:/Users/Jasper Tjaden/AppData/Roaming/TinyTeX/texmf-dist/tex/latex/etoolbox/e
toolbox.sty
Package: etoolbox 2020/10/05 v2.5k e-TeX tools for LaTeX (JAW)
\etb@tempcnta=\count298
)
(c:/Users/Jasper Tjaden/AppData/Roaming/TinyTeX/texmf-dist/tex/latex/mdwtools/f
ootnote.sty
Package: footnote 1997/01/28 1.13 Save footnotes around boxes
\fn@notes=\box57
\fn@width=\dimen174
)
(c:/Users/Jasper Tjaden/AppData/Roaming/TinyTeX/texmf-dist/tex/latex/graphics/g
raphicx.sty
Package: graphicx 2020/09/09 v1.2b Enhanced LaTeX Graphics (DPC,SPQR)

(c:/Users/Jasper Tjaden/AppData/Roaming/TinyTeX/texmf-dist/tex/latex/graphics/g
raphics.sty
Package: graphics 2020/08/30 v1.4c Standard LaTeX Graphics (DPC,SPQR)

(c:/Users/Jasper Tjaden/AppData/Roaming/TinyTeX/texmf-dist/tex/latex/graphics/t
rig.sty
Package: trig 2016/01/03 v1.10 sin cos tan (DPC)
)
(c:/Users/Jasper Tjaden/AppData/Roaming/TinyTeX/texmf-dist/tex/latex/graphics-c
fg/graphics.cfg
File: graphics.cfg 2016/06/04 v1.11 sample graphics configuration
)
Package graphics Info: Driver file: xetex.def on input line 105.
)
\Gin@req@height=\dimen175
\Gin@req@width=\dimen176
)
(c:/Users/Jasper Tjaden/AppData/Roaming/TinyTeX/texmf-dist/tex/latex/multirow/m
ultirow.sty
Package: multirow 2021/01/02 v2.6 Span multiple rows of a table
\multirow@colwidth=\skip62
\multirow@cntb=\count299
\multirow@dima=\skip63
\bigstrutjot=\dimen177
)

! LaTeX Error: File `wrapfig.sty' not found.

Type X to quit or <RETURN> to proceed,
or enter new name. (Default extension: sty)

Enter file name: 
! Emergency stop.
<read *> 
         
l.109 \usepackage
                 {float}^^M 
Here is how much of TeX's memory you used:
 10437 strings out of 479212
 203315 string characters out of 5873009
 642727 words of memory out of 5000000
 29956 multiletter control sequences out of 15000+600000
 403446 words of font info for 29 fonts, out of 8000000 for 9000
 14 hyphenation exceptions out of 8191
 98i,0n,102p,324b,154s stack positions out of 5000i,500n,10000p,200000b,80000s

No pages of output.

! Fontconfig warning: ignoring English_United States.1252: not a valid language tag
